<?xml version="1.0" encoding="UTF-8"?>
<testsuite xmlns:xsi="http://www.w3.org/2001/XMLSchema-instance" xsi:noNamespaceSchemaLocation="https://maven.apache.org/surefire/maven-surefire-plugin/xsd/surefire-test-report-3.0.xsd" version="3.0" name="com.scaler.tictactoe.strategies.botPlayingStrategies.RandomBotPlayingStrategyTest" time="0.018" tests="2" errors="0" skipped="0" failures="0">
  <properties>
    <property name="java.specification.version" value="19"/>
    <property name="sun.jnu.encoding" value="UTF-8"/>
    <property name="java.class.path" value="/Users/aloksingh/Documents/Scaler/Assignment Project/TicTacToe/target/test-classes:/Users/aloksingh/Documents/Scaler/Assignment Project/TicTacToe/target/classes:/Users/aloksingh/.m2/repository/org/junit/jupiter/junit-jupiter-api/5.8.0/junit-jupiter-api-5.8.0.jar:/Users/aloksingh/.m2/repository/org/opentest4j/opentest4j/1.2.0/opentest4j-1.2.0.jar:/Users/aloksingh/.m2/repository/org/junit/platform/junit-platform-commons/1.8.0/junit-platform-commons-1.8.0.jar:/Users/aloksingh/.m2/repository/org/apiguardian/apiguardian-api/1.1.2/apiguardian-api-1.1.2.jar:/Users/aloksingh/.m2/repository/org/junit/jupiter/junit-jupiter-engine/5.8.0/junit-jupiter-engine-5.8.0.jar:/Users/aloksingh/.m2/repository/org/junit/platform/junit-platform-engine/1.8.0/junit-platform-engine-1.8.0.jar:"/>
    <property name="java.vm.vendor" value="Eclipse Adoptium"/>
    <property name="sun.arch.data.model" value="64"/>
    <property name="java.vendor.url" value="https://adoptium.net/"/>
    <property name="os.name" value="Mac OS X"/>
    <property name="java.vm.specification.version" value="19"/>
    <property name="sun.java.launcher" value="SUN_STANDARD"/>
    <property name="user.country" value="IN"/>
    <property name="sun.boot.library.path" value="/Users/aloksingh/Library/Java/JavaVirtualMachines/temurin-19.0.1/Contents/Home/lib"/>
    <property name="sun.java.command" value="/Users/aloksingh/Documents/Scaler/Assignment Project/TicTacToe/target/surefire/surefirebooter-20230817000644703_3.jar /Users/aloksingh/Documents/Scaler/Assignment Project/TicTacToe/target/surefire 2023-08-17T00-06-44_427-jvmRun1 surefire-20230817000644703_1tmp surefire_0-20230817000644703_2tmp"/>
    <property name="http.nonProxyHosts" value="local|*.local|169.254/16|*.169.254/16"/>
    <property name="jdk.debug" value="release"/>
    <property name="surefire.test.class.path" value="/Users/aloksingh/Documents/Scaler/Assignment Project/TicTacToe/target/test-classes:/Users/aloksingh/Documents/Scaler/Assignment Project/TicTacToe/target/classes:/Users/aloksingh/.m2/repository/org/junit/jupiter/junit-jupiter-api/5.8.0/junit-jupiter-api-5.8.0.jar:/Users/aloksingh/.m2/repository/org/opentest4j/opentest4j/1.2.0/opentest4j-1.2.0.jar:/Users/aloksingh/.m2/repository/org/junit/platform/junit-platform-commons/1.8.0/junit-platform-commons-1.8.0.jar:/Users/aloksingh/.m2/repository/org/apiguardian/apiguardian-api/1.1.2/apiguardian-api-1.1.2.jar:/Users/aloksingh/.m2/repository/org/junit/jupiter/junit-jupiter-engine/5.8.0/junit-jupiter-engine-5.8.0.jar:/Users/aloksingh/.m2/repository/org/junit/platform/junit-platform-engine/1.8.0/junit-platform-engine-1.8.0.jar:"/>
    <property name="sun.cpu.endian" value="little"/>
    <property name="user.home" value="/Users/aloksingh"/>
    <property name="user.language" value="en"/>
    <property name="java.specification.vendor" value="Oracle Corporation"/>
    <property name="java.version.date" value="2022-10-18"/>
    <property name="java.home" value="/Users/aloksingh/Library/Java/JavaVirtualMachines/temurin-19.0.1/Contents/Home"/>
    <property name="file.separator" value="/"/>
    <property name="basedir" value="/Users/aloksingh/Documents/Scaler/Assignment Project/TicTacToe"/>
    <property name="java.vm.compressedOopsMode" value="Zero based"/>
    <property name="line.separator" value="&#10;"/>
    <property name="java.vm.specification.vendor" value="Oracle Corporation"/>
    <property name="java.specification.name" value="Java Platform API Specification"/>
    <property name="apple.awt.application.name" value="ForkedBooter"/>
    <property name="surefire.real.class.path" value="/Users/aloksingh/Documents/Scaler/Assignment Project/TicTacToe/target/surefire/surefirebooter-20230817000644703_3.jar"/>
    <property name="sun.management.compiler" value="HotSpot 64-Bit Tiered Compilers"/>
    <property name="ftp.nonProxyHosts" value="local|*.local|169.254/16|*.169.254/16"/>
    <property name="java.runtime.version" value="19.0.1+10"/>
    <property name="user.name" value="aloksingh"/>
    <property name="stdout.encoding" value="UTF-8"/>
    <property name="path.separator" value=":"/>
    <property name="os.version" value="13.3.1"/>
    <property name="java.runtime.name" value="OpenJDK Runtime Environment"/>
    <property name="file.encoding" value="UTF-8"/>
    <property name="java.vm.name" value="OpenJDK 64-Bit Server VM"/>
    <property name="java.vendor.version" value="Temurin-19.0.1+10"/>
    <property name="localRepository" value="/Users/aloksingh/.m2/repository"/>
    <property name="java.vendor.url.bug" value="https://github.com/adoptium/adoptium-support/issues"/>
    <property name="java.io.tmpdir" value="/var/folders/bg/pzpvc5s54nvddcz36zks_3xm0000gn/T/"/>
    <property name="java.version" value="19.0.1"/>
    <property name="user.dir" value="/Users/aloksingh/Documents/Scaler/Assignment Project/TicTacToe"/>
    <property name="os.arch" value="aarch64"/>
    <property name="java.vm.specification.name" value="Java Virtual Machine Specification"/>
    <property name="native.encoding" value="UTF-8"/>
    <property name="java.library.path" value="/Users/aloksingh/Library/Java/Extensions:/Library/Java/Extensions:/Network/Library/Java/Extensions:/System/Library/Java/Extensions:/usr/lib/java:."/>
    <property name="java.vm.info" value="mixed mode"/>
    <property name="stderr.encoding" value="UTF-8"/>
    <property name="java.vendor" value="Eclipse Adoptium"/>
    <property name="java.vm.version" value="19.0.1+10"/>
    <property name="sun.io.unicode.encoding" value="UnicodeBig"/>
    <property name="socksNonProxyHosts" value="local|*.local|169.254/16|*.169.254/16"/>
    <property name="java.class.version" value="63.0"/>
  </properties>
  <testcase name="testMakeMoveWhenEmptyCellExists" classname="com.scaler.tictactoe.strategies.botPlayingStrategies.RandomBotPlayingStrategyTest" time="0.01"/>
  <testcase name="testMakeMoveWhenBoardIsFull" classname="com.scaler.tictactoe.strategies.botPlayingStrategies.RandomBotPlayingStrategyTest" time="0.001"/>
</testsuite>